
*** Running vivado
    with args -log register_file_timing_wrapper.vds -m64 -product Vivado -mode batch -messageDb vivado.pb -notrace -source register_file_timing_wrapper.tcl



****** Vivado v2024.1 (64-bit)
  **** SW Build 5076996 on Wed May 22 18:37:14 MDT 2024
  **** IP Build 5075265 on Wed May 22 21:45:21 MDT 2024
  **** SharedData Build 5076995 on Wed May 22 18:29:18 MDT 2024
  **** Start of session at: Thu Dec 12 21:00:59 2024
    ** Copyright 1986-2022 Xilinx, Inc. All Rights Reserved.
    ** Copyright 2022-2024 Advanced Micro Devices, Inc. All Rights Reserved.

source register_file_timing_wrapper.tcl -notrace
create_project: Time (s): cpu = 00:00:06 ; elapsed = 00:00:11 . Memory (MB): peak = 501.246 ; gain = 200.801
Command: read_checkpoint -auto_incremental -incremental C:/Users/fenja/Projekte/Advanced-VLSI-Design/Exercise-04/VLSI-04/VLSI-04.srcs/utils_1/imports/synth_1/register_file.dcp
INFO: [Vivado 12-5825] Read reference checkpoint from C:/Users/fenja/Projekte/Advanced-VLSI-Design/Exercise-04/VLSI-04/VLSI-04.srcs/utils_1/imports/synth_1/register_file.dcp for incremental synthesis
INFO: [Vivado 12-7989] Please ensure there are no constraint changes
Command: synth_design -top register_file_timing_wrapper -part xc7z020clg484-1
Starting synth_design
Attempting to get a license for feature 'Synthesis' and/or device 'xc7z020'
INFO: [Common 17-349] Got license for feature 'Synthesis' and/or device 'xc7z020'
INFO: [Device 21-403] Loading part xc7z020clg484-1
INFO: [Device 21-9227] Part: xc7z020clg484-1 does not have CEAM library.
INFO: [Synth 8-7079] Multithreading enabled for synth_design using a maximum of 2 processes.
INFO: [Synth 8-7078] Launching helper process for spawning children vivado processes
INFO: [Synth 8-7075] Helper process launched with PID 9352
---------------------------------------------------------------------------------
Starting RTL Elaboration : Time (s): cpu = 00:00:04 ; elapsed = 00:00:05 . Memory (MB): peak = 1384.199 ; gain = 448.820
---------------------------------------------------------------------------------
INFO: [Synth 8-638] synthesizing module 'register_file_timing_wrapper' [C:/Users/fenja/Projekte/Advanced-VLSI-Design/Exercise-04/VLSI-Files/vhdl/register_file_timing_wrapper.vhd:28]
INFO: [Synth 8-113] binding component instance 'BUFG_ins' to cell 'BUFG' [C:/Users/fenja/Projekte/Advanced-VLSI-Design/Exercise-04/VLSI-Files/vhdl/register_file_timing_wrapper.vhd:36]
INFO: [Synth 8-638] synthesizing module 'register_file' [C:/Users/fenja/Projekte/Advanced-VLSI-Design/Exercise-04/VLSI-Files/vhdl/register_file.vhd:26]
	Parameter word_size bound to: 32 - type: integer 
	Parameter size bound to: 32 - type: integer 
WARNING: [Synth 8-614] signal 'w_en' is read in the process but is not in the sensitivity list [C:/Users/fenja/Projekte/Advanced-VLSI-Design/Exercise-04/VLSI-Files/vhdl/register_file.vhd:43]
WARNING: [Synth 8-614] signal 's_addr_a' is read in the process but is not in the sensitivity list [C:/Users/fenja/Projekte/Advanced-VLSI-Design/Exercise-04/VLSI-Files/vhdl/register_file.vhd:51]
WARNING: [Synth 8-614] signal 's_addr_b' is read in the process but is not in the sensitivity list [C:/Users/fenja/Projekte/Advanced-VLSI-Design/Exercise-04/VLSI-Files/vhdl/register_file.vhd:51]
INFO: [Synth 8-256] done synthesizing module 'register_file' (0#1) [C:/Users/fenja/Projekte/Advanced-VLSI-Design/Exercise-04/VLSI-Files/vhdl/register_file.vhd:26]
INFO: [Synth 8-256] done synthesizing module 'register_file_timing_wrapper' (0#1) [C:/Users/fenja/Projekte/Advanced-VLSI-Design/Exercise-04/VLSI-Files/vhdl/register_file_timing_wrapper.vhd:28]
---------------------------------------------------------------------------------
Finished RTL Elaboration : Time (s): cpu = 00:00:05 ; elapsed = 00:00:06 . Memory (MB): peak = 1493.195 ; gain = 557.816
---------------------------------------------------------------------------------
---------------------------------------------------------------------------------
Start Handling Custom Attributes
---------------------------------------------------------------------------------
---------------------------------------------------------------------------------
Finished Handling Custom Attributes : Time (s): cpu = 00:00:05 ; elapsed = 00:00:06 . Memory (MB): peak = 1493.195 ; gain = 557.816
---------------------------------------------------------------------------------
---------------------------------------------------------------------------------
Finished RTL Optimization Phase 1 : Time (s): cpu = 00:00:05 ; elapsed = 00:00:06 . Memory (MB): peak = 1493.195 ; gain = 557.816
---------------------------------------------------------------------------------
Netlist sorting complete. Time (s): cpu = 00:00:00 ; elapsed = 00:00:00.002 . Memory (MB): peak = 1493.195 ; gain = 0.000
INFO: [Project 1-570] Preparing netlist for logic optimization

Processing XDC Constraints
Initializing timing engine
Parsing XDC File [C:/Users/fenja/Projekte/Advanced-VLSI-Design/Exercise-04/VLSI-Files/constraints/constraints.xdc]
WARNING: [Vivado 12-584] No ports matched 'switches[0]'. [C:/Users/fenja/Projekte/Advanced-VLSI-Design/Exercise-04/VLSI-Files/constraints/constraints.xdc:13]
CRITICAL WARNING: [Common 17-55] 'set_property' expects at least one object. [C:/Users/fenja/Projekte/Advanced-VLSI-Design/Exercise-04/VLSI-Files/constraints/constraints.xdc:13]
Resolution: If [get_<value>] was used to populate the object, check to make sure this command returns at least one valid object.
WARNING: [Vivado 12-584] No ports matched 'switches[0]'. [C:/Users/fenja/Projekte/Advanced-VLSI-Design/Exercise-04/VLSI-Files/constraints/constraints.xdc:14]
CRITICAL WARNING: [Common 17-55] 'set_property' expects at least one object. [C:/Users/fenja/Projekte/Advanced-VLSI-Design/Exercise-04/VLSI-Files/constraints/constraints.xdc:14]
Resolution: If [get_<value>] was used to populate the object, check to make sure this command returns at least one valid object.
WARNING: [Vivado 12-584] No ports matched 'switches[1]'. [C:/Users/fenja/Projekte/Advanced-VLSI-Design/Exercise-04/VLSI-Files/constraints/constraints.xdc:15]
CRITICAL WARNING: [Common 17-55] 'set_property' expects at least one object. [C:/Users/fenja/Projekte/Advanced-VLSI-Design/Exercise-04/VLSI-Files/constraints/constraints.xdc:15]
Resolution: If [get_<value>] was used to populate the object, check to make sure this command returns at least one valid object.
WARNING: [Vivado 12-584] No ports matched 'switches[1]'. [C:/Users/fenja/Projekte/Advanced-VLSI-Design/Exercise-04/VLSI-Files/constraints/constraints.xdc:16]
CRITICAL WARNING: [Common 17-55] 'set_property' expects at least one object. [C:/Users/fenja/Projekte/Advanced-VLSI-Design/Exercise-04/VLSI-Files/constraints/constraints.xdc:16]
Resolution: If [get_<value>] was used to populate the object, check to make sure this command returns at least one valid object.
WARNING: [Vivado 12-584] No ports matched 'switches[2]'. [C:/Users/fenja/Projekte/Advanced-VLSI-Design/Exercise-04/VLSI-Files/constraints/constraints.xdc:17]
CRITICAL WARNING: [Common 17-55] 'set_property' expects at least one object. [C:/Users/fenja/Projekte/Advanced-VLSI-Design/Exercise-04/VLSI-Files/constraints/constraints.xdc:17]
Resolution: If [get_<value>] was used to populate the object, check to make sure this command returns at least one valid object.
WARNING: [Vivado 12-584] No ports matched 'switches[2]'. [C:/Users/fenja/Projekte/Advanced-VLSI-Design/Exercise-04/VLSI-Files/constraints/constraints.xdc:18]
CRITICAL WARNING: [Common 17-55] 'set_property' expects at least one object. [C:/Users/fenja/Projekte/Advanced-VLSI-Design/Exercise-04/VLSI-Files/constraints/constraints.xdc:18]
Resolution: If [get_<value>] was used to populate the object, check to make sure this command returns at least one valid object.
WARNING: [Vivado 12-584] No ports matched 'switches[3]'. [C:/Users/fenja/Projekte/Advanced-VLSI-Design/Exercise-04/VLSI-Files/constraints/constraints.xdc:19]
CRITICAL WARNING: [Common 17-55] 'set_property' expects at least one object. [C:/Users/fenja/Projekte/Advanced-VLSI-Design/Exercise-04/VLSI-Files/constraints/constraints.xdc:19]
Resolution: If [get_<value>] was used to populate the object, check to make sure this command returns at least one valid object.
WARNING: [Vivado 12-584] No ports matched 'switches[3]'. [C:/Users/fenja/Projekte/Advanced-VLSI-Design/Exercise-04/VLSI-Files/constraints/constraints.xdc:20]
CRITICAL WARNING: [Common 17-55] 'set_property' expects at least one object. [C:/Users/fenja/Projekte/Advanced-VLSI-Design/Exercise-04/VLSI-Files/constraints/constraints.xdc:20]
Resolution: If [get_<value>] was used to populate the object, check to make sure this command returns at least one valid object.
WARNING: [Vivado 12-584] No ports matched 'switches[4]'. [C:/Users/fenja/Projekte/Advanced-VLSI-Design/Exercise-04/VLSI-Files/constraints/constraints.xdc:21]
CRITICAL WARNING: [Common 17-55] 'set_property' expects at least one object. [C:/Users/fenja/Projekte/Advanced-VLSI-Design/Exercise-04/VLSI-Files/constraints/constraints.xdc:21]
Resolution: If [get_<value>] was used to populate the object, check to make sure this command returns at least one valid object.
WARNING: [Vivado 12-584] No ports matched 'switches[4]'. [C:/Users/fenja/Projekte/Advanced-VLSI-Design/Exercise-04/VLSI-Files/constraints/constraints.xdc:22]
CRITICAL WARNING: [Common 17-55] 'set_property' expects at least one object. [C:/Users/fenja/Projekte/Advanced-VLSI-Design/Exercise-04/VLSI-Files/constraints/constraints.xdc:22]
Resolution: If [get_<value>] was used to populate the object, check to make sure this command returns at least one valid object.
WARNING: [Vivado 12-584] No ports matched 'switches[5]'. [C:/Users/fenja/Projekte/Advanced-VLSI-Design/Exercise-04/VLSI-Files/constraints/constraints.xdc:23]
CRITICAL WARNING: [Common 17-55] 'set_property' expects at least one object. [C:/Users/fenja/Projekte/Advanced-VLSI-Design/Exercise-04/VLSI-Files/constraints/constraints.xdc:23]
Resolution: If [get_<value>] was used to populate the object, check to make sure this command returns at least one valid object.
WARNING: [Vivado 12-584] No ports matched 'switches[5]'. [C:/Users/fenja/Projekte/Advanced-VLSI-Design/Exercise-04/VLSI-Files/constraints/constraints.xdc:24]
CRITICAL WARNING: [Common 17-55] 'set_property' expects at least one object. [C:/Users/fenja/Projekte/Advanced-VLSI-Design/Exercise-04/VLSI-Files/constraints/constraints.xdc:24]
Resolution: If [get_<value>] was used to populate the object, check to make sure this command returns at least one valid object.
WARNING: [Vivado 12-584] No ports matched 'switches[6]'. [C:/Users/fenja/Projekte/Advanced-VLSI-Design/Exercise-04/VLSI-Files/constraints/constraints.xdc:25]
CRITICAL WARNING: [Common 17-55] 'set_property' expects at least one object. [C:/Users/fenja/Projekte/Advanced-VLSI-Design/Exercise-04/VLSI-Files/constraints/constraints.xdc:25]
Resolution: If [get_<value>] was used to populate the object, check to make sure this command returns at least one valid object.
WARNING: [Vivado 12-584] No ports matched 'switches[6]'. [C:/Users/fenja/Projekte/Advanced-VLSI-Design/Exercise-04/VLSI-Files/constraints/constraints.xdc:26]
CRITICAL WARNING: [Common 17-55] 'set_property' expects at least one object. [C:/Users/fenja/Projekte/Advanced-VLSI-Design/Exercise-04/VLSI-Files/constraints/constraints.xdc:26]
Resolution: If [get_<value>] was used to populate the object, check to make sure this command returns at least one valid object.
WARNING: [Vivado 12-584] No ports matched 'switches[7]'. [C:/Users/fenja/Projekte/Advanced-VLSI-Design/Exercise-04/VLSI-Files/constraints/constraints.xdc:27]
CRITICAL WARNING: [Common 17-55] 'set_property' expects at least one object. [C:/Users/fenja/Projekte/Advanced-VLSI-Design/Exercise-04/VLSI-Files/constraints/constraints.xdc:27]
Resolution: If [get_<value>] was used to populate the object, check to make sure this command returns at least one valid object.
WARNING: [Vivado 12-584] No ports matched 'switches[7]'. [C:/Users/fenja/Projekte/Advanced-VLSI-Design/Exercise-04/VLSI-Files/constraints/constraints.xdc:28]
CRITICAL WARNING: [Common 17-55] 'set_property' expects at least one object. [C:/Users/fenja/Projekte/Advanced-VLSI-Design/Exercise-04/VLSI-Files/constraints/constraints.xdc:28]
Resolution: If [get_<value>] was used to populate the object, check to make sure this command returns at least one valid object.
WARNING: [Vivado 12-584] No ports matched 'leds[0]'. [C:/Users/fenja/Projekte/Advanced-VLSI-Design/Exercise-04/VLSI-Files/constraints/constraints.xdc:31]
CRITICAL WARNING: [Common 17-55] 'set_property' expects at least one object. [C:/Users/fenja/Projekte/Advanced-VLSI-Design/Exercise-04/VLSI-Files/constraints/constraints.xdc:31]
Resolution: If [get_<value>] was used to populate the object, check to make sure this command returns at least one valid object.
WARNING: [Vivado 12-584] No ports matched 'leds[0]'. [C:/Users/fenja/Projekte/Advanced-VLSI-Design/Exercise-04/VLSI-Files/constraints/constraints.xdc:32]
CRITICAL WARNING: [Common 17-55] 'set_property' expects at least one object. [C:/Users/fenja/Projekte/Advanced-VLSI-Design/Exercise-04/VLSI-Files/constraints/constraints.xdc:32]
Resolution: If [get_<value>] was used to populate the object, check to make sure this command returns at least one valid object.
WARNING: [Vivado 12-584] No ports matched 'leds[1]'. [C:/Users/fenja/Projekte/Advanced-VLSI-Design/Exercise-04/VLSI-Files/constraints/constraints.xdc:33]
CRITICAL WARNING: [Common 17-55] 'set_property' expects at least one object. [C:/Users/fenja/Projekte/Advanced-VLSI-Design/Exercise-04/VLSI-Files/constraints/constraints.xdc:33]
Resolution: If [get_<value>] was used to populate the object, check to make sure this command returns at least one valid object.
WARNING: [Vivado 12-584] No ports matched 'leds[1]'. [C:/Users/fenja/Projekte/Advanced-VLSI-Design/Exercise-04/VLSI-Files/constraints/constraints.xdc:34]
CRITICAL WARNING: [Common 17-55] 'set_property' expects at least one object. [C:/Users/fenja/Projekte/Advanced-VLSI-Design/Exercise-04/VLSI-Files/constraints/constraints.xdc:34]
Resolution: If [get_<value>] was used to populate the object, check to make sure this command returns at least one valid object.
WARNING: [Vivado 12-584] No ports matched 'leds[2]'. [C:/Users/fenja/Projekte/Advanced-VLSI-Design/Exercise-04/VLSI-Files/constraints/constraints.xdc:35]
CRITICAL WARNING: [Common 17-55] 'set_property' expects at least one object. [C:/Users/fenja/Projekte/Advanced-VLSI-Design/Exercise-04/VLSI-Files/constraints/constraints.xdc:35]
Resolution: If [get_<value>] was used to populate the object, check to make sure this command returns at least one valid object.
WARNING: [Vivado 12-584] No ports matched 'leds[2]'. [C:/Users/fenja/Projekte/Advanced-VLSI-Design/Exercise-04/VLSI-Files/constraints/constraints.xdc:36]
CRITICAL WARNING: [Common 17-55] 'set_property' expects at least one object. [C:/Users/fenja/Projekte/Advanced-VLSI-Design/Exercise-04/VLSI-Files/constraints/constraints.xdc:36]
Resolution: If [get_<value>] was used to populate the object, check to make sure this command returns at least one valid object.
WARNING: [Vivado 12-584] No ports matched 'leds[3]'. [C:/Users/fenja/Projekte/Advanced-VLSI-Design/Exercise-04/VLSI-Files/constraints/constraints.xdc:37]
CRITICAL WARNING: [Common 17-55] 'set_property' expects at least one object. [C:/Users/fenja/Projekte/Advanced-VLSI-Design/Exercise-04/VLSI-Files/constraints/constraints.xdc:37]
Resolution: If [get_<value>] was used to populate the object, check to make sure this command returns at least one valid object.
WARNING: [Vivado 12-584] No ports matched 'leds[3]'. [C:/Users/fenja/Projekte/Advanced-VLSI-Design/Exercise-04/VLSI-Files/constraints/constraints.xdc:38]
CRITICAL WARNING: [Common 17-55] 'set_property' expects at least one object. [C:/Users/fenja/Projekte/Advanced-VLSI-Design/Exercise-04/VLSI-Files/constraints/constraints.xdc:38]
Resolution: If [get_<value>] was used to populate the object, check to make sure this command returns at least one valid object.
WARNING: [Vivado 12-584] No ports matched 'leds[4]'. [C:/Users/fenja/Projekte/Advanced-VLSI-Design/Exercise-04/VLSI-Files/constraints/constraints.xdc:39]
CRITICAL WARNING: [Common 17-55] 'set_property' expects at least one object. [C:/Users/fenja/Projekte/Advanced-VLSI-Design/Exercise-04/VLSI-Files/constraints/constraints.xdc:39]
Resolution: If [get_<value>] was used to populate the object, check to make sure this command returns at least one valid object.
WARNING: [Vivado 12-584] No ports matched 'leds[4]'. [C:/Users/fenja/Projekte/Advanced-VLSI-Design/Exercise-04/VLSI-Files/constraints/constraints.xdc:40]
CRITICAL WARNING: [Common 17-55] 'set_property' expects at least one object. [C:/Users/fenja/Projekte/Advanced-VLSI-Design/Exercise-04/VLSI-Files/constraints/constraints.xdc:40]
Resolution: If [get_<value>] was used to populate the object, check to make sure this command returns at least one valid object.
WARNING: [Vivado 12-584] No ports matched 'leds[5]'. [C:/Users/fenja/Projekte/Advanced-VLSI-Design/Exercise-04/VLSI-Files/constraints/constraints.xdc:41]
CRITICAL WARNING: [Common 17-55] 'set_property' expects at least one object. [C:/Users/fenja/Projekte/Advanced-VLSI-Design/Exercise-04/VLSI-Files/constraints/constraints.xdc:41]
Resolution: If [get_<value>] was used to populate the object, check to make sure this command returns at least one valid object.
WARNING: [Vivado 12-584] No ports matched 'leds[5]'. [C:/Users/fenja/Projekte/Advanced-VLSI-Design/Exercise-04/VLSI-Files/constraints/constraints.xdc:42]
CRITICAL WARNING: [Common 17-55] 'set_property' expects at least one object. [C:/Users/fenja/Projekte/Advanced-VLSI-Design/Exercise-04/VLSI-Files/constraints/constraints.xdc:42]
Resolution: If [get_<value>] was used to populate the object, check to make sure this command returns at least one valid object.
WARNING: [Vivado 12-584] No ports matched 'leds[6]'. [C:/Users/fenja/Projekte/Advanced-VLSI-Design/Exercise-04/VLSI-Files/constraints/constraints.xdc:43]
CRITICAL WARNING: [Common 17-55] 'set_property' expects at least one object. [C:/Users/fenja/Projekte/Advanced-VLSI-Design/Exercise-04/VLSI-Files/constraints/constraints.xdc:43]
Resolution: If [get_<value>] was used to populate the object, check to make sure this command returns at least one valid object.
WARNING: [Vivado 12-584] No ports matched 'leds[6]'. [C:/Users/fenja/Projekte/Advanced-VLSI-Design/Exercise-04/VLSI-Files/constraints/constraints.xdc:44]
CRITICAL WARNING: [Common 17-55] 'set_property' expects at least one object. [C:/Users/fenja/Projekte/Advanced-VLSI-Design/Exercise-04/VLSI-Files/constraints/constraints.xdc:44]
Resolution: If [get_<value>] was used to populate the object, check to make sure this command returns at least one valid object.
WARNING: [Vivado 12-584] No ports matched 'leds[7]'. [C:/Users/fenja/Projekte/Advanced-VLSI-Design/Exercise-04/VLSI-Files/constraints/constraints.xdc:45]
CRITICAL WARNING: [Common 17-55] 'set_property' expects at least one object. [C:/Users/fenja/Projekte/Advanced-VLSI-Design/Exercise-04/VLSI-Files/constraints/constraints.xdc:45]
Resolution: If [get_<value>] was used to populate the object, check to make sure this command returns at least one valid object.
WARNING: [Vivado 12-584] No ports matched 'leds[7]'. [C:/Users/fenja/Projekte/Advanced-VLSI-Design/Exercise-04/VLSI-Files/constraints/constraints.xdc:46]
CRITICAL WARNING: [Common 17-55] 'set_property' expects at least one object. [C:/Users/fenja/Projekte/Advanced-VLSI-Design/Exercise-04/VLSI-Files/constraints/constraints.xdc:46]
Resolution: If [get_<value>] was used to populate the object, check to make sure this command returns at least one valid object.
WARNING: [Vivado 12-584] No ports matched 'buttons[0]'. [C:/Users/fenja/Projekte/Advanced-VLSI-Design/Exercise-04/VLSI-Files/constraints/constraints.xdc:49]
CRITICAL WARNING: [Common 17-55] 'set_property' expects at least one object. [C:/Users/fenja/Projekte/Advanced-VLSI-Design/Exercise-04/VLSI-Files/constraints/constraints.xdc:49]
Resolution: If [get_<value>] was used to populate the object, check to make sure this command returns at least one valid object.
WARNING: [Vivado 12-584] No ports matched 'buttons[0]'. [C:/Users/fenja/Projekte/Advanced-VLSI-Design/Exercise-04/VLSI-Files/constraints/constraints.xdc:50]
CRITICAL WARNING: [Common 17-55] 'set_property' expects at least one object. [C:/Users/fenja/Projekte/Advanced-VLSI-Design/Exercise-04/VLSI-Files/constraints/constraints.xdc:50]
Resolution: If [get_<value>] was used to populate the object, check to make sure this command returns at least one valid object.
WARNING: [Vivado 12-584] No ports matched 'buttons[1]'. [C:/Users/fenja/Projekte/Advanced-VLSI-Design/Exercise-04/VLSI-Files/constraints/constraints.xdc:51]
CRITICAL WARNING: [Common 17-55] 'set_property' expects at least one object. [C:/Users/fenja/Projekte/Advanced-VLSI-Design/Exercise-04/VLSI-Files/constraints/constraints.xdc:51]
Resolution: If [get_<value>] was used to populate the object, check to make sure this command returns at least one valid object.
WARNING: [Vivado 12-584] No ports matched 'buttons[1]'. [C:/Users/fenja/Projekte/Advanced-VLSI-Design/Exercise-04/VLSI-Files/constraints/constraints.xdc:52]
CRITICAL WARNING: [Common 17-55] 'set_property' expects at least one object. [C:/Users/fenja/Projekte/Advanced-VLSI-Design/Exercise-04/VLSI-Files/constraints/constraints.xdc:52]
Resolution: If [get_<value>] was used to populate the object, check to make sure this command returns at least one valid object.
WARNING: [Vivado 12-584] No ports matched 'buttons[2]'. [C:/Users/fenja/Projekte/Advanced-VLSI-Design/Exercise-04/VLSI-Files/constraints/constraints.xdc:53]
CRITICAL WARNING: [Common 17-55] 'set_property' expects at least one object. [C:/Users/fenja/Projekte/Advanced-VLSI-Design/Exercise-04/VLSI-Files/constraints/constraints.xdc:53]
Resolution: If [get_<value>] was used to populate the object, check to make sure this command returns at least one valid object.
WARNING: [Vivado 12-584] No ports matched 'buttons[2]'. [C:/Users/fenja/Projekte/Advanced-VLSI-Design/Exercise-04/VLSI-Files/constraints/constraints.xdc:54]
CRITICAL WARNING: [Common 17-55] 'set_property' expects at least one object. [C:/Users/fenja/Projekte/Advanced-VLSI-Design/Exercise-04/VLSI-Files/constraints/constraints.xdc:54]
Resolution: If [get_<value>] was used to populate the object, check to make sure this command returns at least one valid object.
WARNING: [Vivado 12-584] No ports matched 'buttons[3]'. [C:/Users/fenja/Projekte/Advanced-VLSI-Design/Exercise-04/VLSI-Files/constraints/constraints.xdc:55]
CRITICAL WARNING: [Common 17-55] 'set_property' expects at least one object. [C:/Users/fenja/Projekte/Advanced-VLSI-Design/Exercise-04/VLSI-Files/constraints/constraints.xdc:55]
Resolution: If [get_<value>] was used to populate the object, check to make sure this command returns at least one valid object.
WARNING: [Vivado 12-584] No ports matched 'buttons[3]'. [C:/Users/fenja/Projekte/Advanced-VLSI-Design/Exercise-04/VLSI-Files/constraints/constraints.xdc:56]
CRITICAL WARNING: [Common 17-55] 'set_property' expects at least one object. [C:/Users/fenja/Projekte/Advanced-VLSI-Design/Exercise-04/VLSI-Files/constraints/constraints.xdc:56]
Resolution: If [get_<value>] was used to populate the object, check to make sure this command returns at least one valid object.
WARNING: [Vivado 12-584] No ports matched 'buttons[4]'. [C:/Users/fenja/Projekte/Advanced-VLSI-Design/Exercise-04/VLSI-Files/constraints/constraints.xdc:57]
CRITICAL WARNING: [Common 17-55] 'set_property' expects at least one object. [C:/Users/fenja/Projekte/Advanced-VLSI-Design/Exercise-04/VLSI-Files/constraints/constraints.xdc:57]
Resolution: If [get_<value>] was used to populate the object, check to make sure this command returns at least one valid object.
WARNING: [Vivado 12-584] No ports matched 'buttons[4]'. [C:/Users/fenja/Projekte/Advanced-VLSI-Design/Exercise-04/VLSI-Files/constraints/constraints.xdc:58]
CRITICAL WARNING: [Common 17-55] 'set_property' expects at least one object. [C:/Users/fenja/Projekte/Advanced-VLSI-Design/Exercise-04/VLSI-Files/constraints/constraints.xdc:58]
Resolution: If [get_<value>] was used to populate the object, check to make sure this command returns at least one valid object.
Finished Parsing XDC File [C:/Users/fenja/Projekte/Advanced-VLSI-Design/Exercise-04/VLSI-Files/constraints/constraints.xdc]
INFO: [Project 1-236] Implementation specific constraints were found while reading constraint file [C:/Users/fenja/Projekte/Advanced-VLSI-Design/Exercise-04/VLSI-Files/constraints/constraints.xdc]. These constraints will be ignored for synthesis but will be used in implementation. Impacted constraints are listed in the file [.Xil/register_file_timing_wrapper_propImpl.xdc].
Resolution: To avoid this warning, move constraints listed in [.Xil/register_file_timing_wrapper_propImpl.xdc] to another XDC file and exclude this new file from synthesis with the used_in_synthesis property (File Properties dialog in GUI) and re-run elaboration/synthesis.
Completed Processing XDC Constraints

Netlist sorting complete. Time (s): cpu = 00:00:00 ; elapsed = 00:00:00 . Memory (MB): peak = 1567.793 ; gain = 0.000
INFO: [Project 1-111] Unisim Transformation Summary:
No Unisim elements were transformed.

Constraint Validation Runtime : Time (s): cpu = 00:00:00 ; elapsed = 00:00:00.002 . Memory (MB): peak = 1567.793 ; gain = 0.000
---------------------------------------------------------------------------------
Finished Constraint Validation : Time (s): cpu = 00:00:11 ; elapsed = 00:00:13 . Memory (MB): peak = 1567.793 ; gain = 632.414
---------------------------------------------------------------------------------
---------------------------------------------------------------------------------
Start Loading Part and Timing Information
---------------------------------------------------------------------------------
Loading part: xc7z020clg484-1
---------------------------------------------------------------------------------
Finished Loading Part and Timing Information : Time (s): cpu = 00:00:11 ; elapsed = 00:00:13 . Memory (MB): peak = 1567.793 ; gain = 632.414
---------------------------------------------------------------------------------
---------------------------------------------------------------------------------
Start Applying 'set_property' XDC Constraints
---------------------------------------------------------------------------------
---------------------------------------------------------------------------------
Finished applying 'set_property' XDC Constraints : Time (s): cpu = 00:00:11 ; elapsed = 00:00:13 . Memory (MB): peak = 1567.793 ; gain = 632.414
---------------------------------------------------------------------------------
---------------------------------------------------------------------------------
Start Preparing Guide Design
---------------------------------------------------------------------------------
CRITICAL WARNING: [Synth 8-6895] The reference checkpoint C:/Users/fenja/Projekte/Advanced-VLSI-Design/Exercise-04/VLSI-04/VLSI-04.srcs/utils_1/imports/synth_1/register_file.dcp is not suitable for use with incremental synthesis for this design. Please regenerate the checkpoint for this design with -incremental_synth switch in the same Vivado session that synth_design has been run. Synthesis will continue with the default flow
---------------------------------------------------------------------------------
Finished Doing Graph Differ : Time (s): cpu = 00:00:11 ; elapsed = 00:00:13 . Memory (MB): peak = 1567.793 ; gain = 632.414
---------------------------------------------------------------------------------
---------------------------------------------------------------------------------
Finished Preparing Guide Design : Time (s): cpu = 00:00:11 ; elapsed = 00:00:13 . Memory (MB): peak = 1567.793 ; gain = 632.414
---------------------------------------------------------------------------------
---------------------------------------------------------------------------------
Finished RTL Optimization Phase 2 : Time (s): cpu = 00:00:11 ; elapsed = 00:00:14 . Memory (MB): peak = 1567.793 ; gain = 632.414
---------------------------------------------------------------------------------


Incremental Synthesis Report Summary:

1. Incremental synthesis run: no

   Reason for not running incremental synthesis : 


INFO: [Synth 8-7130] Flow is switching to default flow due to incremental criteria not met. If you would like to alter this behaviour and have the flow terminate instead, please set the following parameter config_implementation {autoIncr.Synth.RejectBehavior Terminate}
---------------------------------------------------------------------------------
Start RTL Component Statistics 
---------------------------------------------------------------------------------
Detailed RTL Component Info : 
+---Registers : 
	               32 Bit    Registers := 3     
	                5 Bit    Registers := 3     
	                1 Bit    Registers := 1     
---------------------------------------------------------------------------------
Finished RTL Component Statistics 
---------------------------------------------------------------------------------
---------------------------------------------------------------------------------
Start Part Resource Summary
---------------------------------------------------------------------------------
Part Resources:
DSPs: 220 (col length:60)
BRAMs: 280 (col length: RAMB18 60 RAMB36 30)
---------------------------------------------------------------------------------
Finished Part Resource Summary
---------------------------------------------------------------------------------
---------------------------------------------------------------------------------
Start Cross Boundary and Area Optimization
---------------------------------------------------------------------------------
WARNING: [Synth 8-7080] Parallel synthesis criteria is not met
INFO: [Synth 8-3971] The signal "register_file_timing_wrapper/rf/s_register_data_vec_reg" was recognized as a true dual port RAM template.
INFO: [Synth 8-3971] The signal "register_file_timing_wrapper/rf/s_register_data_vec_reg" was recognized as a true dual port RAM template.
---------------------------------------------------------------------------------
Finished Cross Boundary and Area Optimization : Time (s): cpu = 00:00:13 ; elapsed = 00:00:15 . Memory (MB): peak = 1567.793 ; gain = 632.414
---------------------------------------------------------------------------------
---------------------------------------------------------------------------------
Start ROM, RAM, DSP, Shift Register and Retiming Reporting
---------------------------------------------------------------------------------

Block RAM: Preliminary Mapping Report (see note below)
-------NONE-------
Note: The table above is a preliminary report that shows the Block RAMs at the current stage of the synthesis flow. Some Block RAMs may be reimplemented as non Block RAM primitives later in the synthesis flow. Multiple instantiated Block RAMs are reported only once. 
---------------------------------------------------------------------------------
Finished ROM, RAM, DSP, Shift Register and Retiming Reporting
---------------------------------------------------------------------------------
---------------------------------------------------------------------------------
Start Applying XDC Timing Constraints
---------------------------------------------------------------------------------
---------------------------------------------------------------------------------
Finished Applying XDC Timing Constraints : Time (s): cpu = 00:00:18 ; elapsed = 00:00:20 . Memory (MB): peak = 1567.793 ; gain = 632.414
---------------------------------------------------------------------------------
---------------------------------------------------------------------------------
Start Timing Optimization
---------------------------------------------------------------------------------
---------------------------------------------------------------------------------
Finished Timing Optimization : Time (s): cpu = 00:00:18 ; elapsed = 00:00:20 . Memory (MB): peak = 1567.793 ; gain = 632.414
---------------------------------------------------------------------------------
---------------------------------------------------------------------------------
Start ROM, RAM, DSP, Shift Register and Retiming Reporting
---------------------------------------------------------------------------------

Block RAM: Final Mapping Report
-------NONE-------
---------------------------------------------------------------------------------
Finished ROM, RAM, DSP, Shift Register and Retiming Reporting
---------------------------------------------------------------------------------
---------------------------------------------------------------------------------
Start Technology Mapping
---------------------------------------------------------------------------------
INFO: [Synth 8-7052] The timing for the instance rf/s_register_data_vec_reg_1 (implemented as a Block RAM) might be sub-optimal as no optional output register could be merged into the ram block. Providing additional output register may help in improving timing.
INFO: [Synth 8-7052] The timing for the instance rf/s_register_data_vec_reg_2 (implemented as a Block RAM) might be sub-optimal as no optional output register could be merged into the ram block. Providing additional output register may help in improving timing.
---------------------------------------------------------------------------------
Finished Technology Mapping : Time (s): cpu = 00:00:18 ; elapsed = 00:00:20 . Memory (MB): peak = 1567.793 ; gain = 632.414
---------------------------------------------------------------------------------
---------------------------------------------------------------------------------
Start IO Insertion
---------------------------------------------------------------------------------
---------------------------------------------------------------------------------
Start Flattening Before IO Insertion
---------------------------------------------------------------------------------
---------------------------------------------------------------------------------
Finished Flattening Before IO Insertion
---------------------------------------------------------------------------------
---------------------------------------------------------------------------------
Start Final Netlist Cleanup
---------------------------------------------------------------------------------
---------------------------------------------------------------------------------
Finished Final Netlist Cleanup
---------------------------------------------------------------------------------
---------------------------------------------------------------------------------
Finished IO Insertion : Time (s): cpu = 00:00:21 ; elapsed = 00:00:24 . Memory (MB): peak = 1567.793 ; gain = 632.414
---------------------------------------------------------------------------------
---------------------------------------------------------------------------------
Start Renaming Generated Instances
---------------------------------------------------------------------------------
---------------------------------------------------------------------------------
Finished Renaming Generated Instances : Time (s): cpu = 00:00:21 ; elapsed = 00:00:24 . Memory (MB): peak = 1567.793 ; gain = 632.414
---------------------------------------------------------------------------------
---------------------------------------------------------------------------------
Start Rebuilding User Hierarchy
---------------------------------------------------------------------------------
---------------------------------------------------------------------------------
Finished Rebuilding User Hierarchy : Time (s): cpu = 00:00:21 ; elapsed = 00:00:24 . Memory (MB): peak = 1567.793 ; gain = 632.414
---------------------------------------------------------------------------------
---------------------------------------------------------------------------------
Start Renaming Generated Ports
---------------------------------------------------------------------------------
---------------------------------------------------------------------------------
Finished Renaming Generated Ports : Time (s): cpu = 00:00:21 ; elapsed = 00:00:24 . Memory (MB): peak = 1567.793 ; gain = 632.414
---------------------------------------------------------------------------------
---------------------------------------------------------------------------------
Start Handling Custom Attributes
---------------------------------------------------------------------------------
---------------------------------------------------------------------------------
Finished Handling Custom Attributes : Time (s): cpu = 00:00:21 ; elapsed = 00:00:24 . Memory (MB): peak = 1567.793 ; gain = 632.414
---------------------------------------------------------------------------------
---------------------------------------------------------------------------------
Start Renaming Generated Nets
---------------------------------------------------------------------------------
---------------------------------------------------------------------------------
Finished Renaming Generated Nets : Time (s): cpu = 00:00:21 ; elapsed = 00:00:24 . Memory (MB): peak = 1567.793 ; gain = 632.414
---------------------------------------------------------------------------------
---------------------------------------------------------------------------------
Start Writing Synthesis Report
---------------------------------------------------------------------------------

Report BlackBoxes: 
+-+--------------+----------+
| |BlackBox name |Instances |
+-+--------------+----------+
+-+--------------+----------+

Report Cell Usage: 
+------+---------+------+
|      |Cell     |Count |
+------+---------+------+
|1     |BUFG     |     1|
|2     |RAMB18E1 |     2|
|3     |FDRE     |    48|
|4     |IBUF     |    49|
|5     |OBUF     |    64|
+------+---------+------+
---------------------------------------------------------------------------------
Finished Writing Synthesis Report : Time (s): cpu = 00:00:21 ; elapsed = 00:00:24 . Memory (MB): peak = 1567.793 ; gain = 632.414
---------------------------------------------------------------------------------
Synthesis finished with 0 errors, 1 critical warnings and 1 warnings.
Synthesis Optimization Runtime : Time (s): cpu = 00:00:14 ; elapsed = 00:00:22 . Memory (MB): peak = 1567.793 ; gain = 557.816
Synthesis Optimization Complete : Time (s): cpu = 00:00:21 ; elapsed = 00:00:24 . Memory (MB): peak = 1567.793 ; gain = 632.414
INFO: [Project 1-571] Translating synthesized netlist
Netlist sorting complete. Time (s): cpu = 00:00:00 ; elapsed = 00:00:00.002 . Memory (MB): peak = 1567.793 ; gain = 0.000
INFO: [Netlist 29-17] Analyzing 2 Unisim elements for replacement
INFO: [Netlist 29-28] Unisim Transformation completed in 0 CPU seconds
INFO: [Project 1-570] Preparing netlist for logic optimization
INFO: [Opt 31-138] Pushed 0 inverter(s) to 0 load pin(s).
Netlist sorting complete. Time (s): cpu = 00:00:00 ; elapsed = 00:00:00 . Memory (MB): peak = 1567.793 ; gain = 0.000
INFO: [Project 1-111] Unisim Transformation Summary:
No Unisim elements were transformed.

Synth Design complete | Checksum: 1db5b5de
INFO: [Common 17-83] Releasing license: Synthesis
28 Infos, 46 Warnings, 43 Critical Warnings and 0 Errors encountered.
synth_design completed successfully
synth_design: Time (s): cpu = 00:00:26 ; elapsed = 00:00:38 . Memory (MB): peak = 1567.793 ; gain = 1061.938
INFO: [runtcl-6] Synthesis results are not added to the cache due to CRITICAL_WARNING
Write ShapeDB Complete: Time (s): cpu = 00:00:00 ; elapsed = 00:00:00.001 . Memory (MB): peak = 1567.793 ; gain = 0.000
INFO: [Common 17-1381] The checkpoint 'C:/Users/fenja/Projekte/Advanced-VLSI-Design/Exercise-04/VLSI-04/VLSI-04.runs/synth_1/register_file_timing_wrapper.dcp' has been generated.
INFO: [Vivado 12-24828] Executing command : report_utilization -file register_file_timing_wrapper_utilization_synth.rpt -pb register_file_timing_wrapper_utilization_synth.pb
INFO: [Common 17-206] Exiting Vivado at Thu Dec 12 21:01:59 2024...
